{"uid":"4da83be2b6ed635f","name":"Update One Variable","fullName":"tests.unit.settings.test_variables.TestVariables#test_update_variable_value","historyId":"802411a6088bc473c6f5500579ec5098","time":{"start":1690867820279,"stop":1690867820410,"duration":131},"description":"This test case updates details of One Variable in a Facility","descriptionHtml":"<p>This test case updates details of One Variable in a Facility</p>\n","status":"failed","statusMessage":"AssertionError: 419","statusTrace":"self = <test_variables.TestVariables object at 0x00000188315BB510>, data = None\n\n    @allure.title(\"Update One Variable\")\n    @allure.description(\"This test case updates details of One Variable in a Facility\")\n    @allure.link(\"https://app.clickup.com/t/2uw2yxh\")\n    @pytest.mark.update_variable_value\n    def test_update_variable_value(self, data=None):\n        global VARIABLE_DATA\n>       variable = self.test_get_variable(data)[\"response\"]\n\ntests\\unit\\settings\\test_variables.py:73: \n_ _ _ _ _ _ _ _ _ _ _ _ _ _ _ _ _ _ _ _ _ _ _ _ _ _ _ _ _ _ _ _ _ _ _ _ _ _ _ _ _ _ _ _ _ _ _ _ _ _ _ _ _ _ _ _ _ _ _ _ _ _ _ _ _ _ _ _ _ _ _ _ _ _ _ _ _ _ _ _ _ _ _ _ _ _ _ _ _ _\ntests\\unit\\settings\\test_variables.py:57: in test_get_variable\n    variables = self.test_get_variables()[\"response\"]\ntests\\unit\\settings\\test_variables.py:49: in test_get_variables\n    status_200(response)\n_ _ _ _ _ _ _ _ _ _ _ _ _ _ _ _ _ _ _ _ _ _ _ _ _ _ _ _ _ _ _ _ _ _ _ _ _ _ _ _ _ _ _ _ _ _ _ _ _ _ _ _ _ _ _ _ _ _ _ _ _ _ _ _ _ _ _ _ _ _ _ _ _ _ _ _ _ _ _ _ _ _ _ _ _ _ _ _ _ _\n\nresponse = <Response [419]>\n\n    def status_200(response):\n>       assert response.status_code == 200, response.text\nE       AssertionError: 419\n\nutil\\validate_response.py:3: AssertionError","flaky":false,"newFailed":false,"newBroken":false,"newPassed":false,"retriesCount":0,"retriesStatusChange":false,"beforeStages":[{"name":"login","time":{"start":1690867795854,"stop":1690867796351,"duration":497},"status":"passed","steps":[],"attachments":[],"parameters":[],"attachmentsCount":0,"shouldDisplayMessage":false,"stepsCount":0,"hasContent":false},{"name":"get_facility","time":{"start":1690867796351,"stop":1690867797144,"duration":793},"status":"passed","steps":[],"attachments":[],"parameters":[],"attachmentsCount":0,"shouldDisplayMessage":false,"stepsCount":0,"hasContent":false},{"name":"load_env","time":{"start":1690867797144,"stop":1690867797144,"duration":0},"status":"passed","steps":[],"attachments":[],"parameters":[],"attachmentsCount":0,"shouldDisplayMessage":false,"stepsCount":0,"hasContent":false}],"afterStages":[],"labels":[{"name":"tag","value":"update_variable_value"},{"name":"tag","value":"variables"},{"name":"tag","value":"unit"},{"name":"parentSuite","value":"tests.unit.settings"},{"name":"suite","value":"test_variables"},{"name":"subSuite","value":"TestVariables"},{"name":"host","value":"DESKTOP-ESU2KLG"},{"name":"thread","value":"18592-MainThread"},{"name":"framework","value":"pytest"},{"name":"language","value":"cpython3"},{"name":"package","value":"tests.unit.settings.test_variables"},{"name":"resultFormat","value":"allure2"}],"parameters":[],"links":[{"name":"https://app.clickup.com/t/2uw2yxh","url":"https://app.clickup.com/t/2uw2yxh","type":"link"}],"hidden":true,"retry":true,"extra":{"categories":[],"tags":["variables","unit","update_variable_value"]},"source":"4da83be2b6ed635f.json","parameterValues":[]}